<?xml version="1.0" encoding="UTF-8"?>
<!-- Generated by org.testng.reporters.JUnitXMLReporter -->
<testsuite ignored="0" hostname="LPT5128" failures="0" tests="4" name="Test" time="13.298" errors="0" timestamp="2024-07-29T13:26:07 IST">
  <testcase classname="api.test.UserTest" name="testPostUser" time="3.468"/>
  <testcase classname="api.test.UserTest" name="testGetuserByName" time="1.822"/>
  <testcase classname="api.test.UserTest" name="testUserUpdate" time="5.495"/>
  <testcase classname="api.test.UserTest" name="testDeleteUser" time="2.078"/>
</testsuite> <!-- Test -->
