<?xml version="1.0" encoding="UTF-8"?>
<testsuite xmlns:xsi="http://www.w3.org/2001/XMLSchema-instance" xsi:noNamespaceSchemaLocation="https://maven.apache.org/surefire/maven-surefire-plugin/xsd/surefire-test-report.xsd" version="3.0.2" name="TestSuite" time="12.551" tests="4" errors="0" skipped="0" failures="0">
  <properties>
[...]
</properties>
  <testcase name="testPostUser" classname="api.test.UserTest" time="3.149">
    <system-out><![CDATA[HTTP/1.1 200 OK
Date: Mon, 29 Jul 2024 07:56:27 GMT
Content-Type: application/json
Transfer-Encoding: chunked
Connection: keep-alive
Access-Control-Allow-Origin: *
Access-Control-Allow-Methods: GET, POST, DELETE, PUT
Access-Control-Allow-Headers: Content-Type, api_key, Authorization
Server: Jetty(9.2.9.v20150224)

{
    "code": 200,
    "type": "unknown",
    "message": "307605969"
}
]]></system-out>
    <system-err><![CDATA[ERROR StatusLogger Log4j2 could not find a logging implementation. Please add log4j-core to the classpath. Using SimpleLogger to log to the console...
]]></system-err>
  </testcase>
  <testcase name="testGetuserByName" classname="api.test.UserTest" time="2.008">
    <system-out><![CDATA[HTTP/1.1 200 OK
Date: Mon, 29 Jul 2024 07:56:29 GMT
Content-Type: application/json
Transfer-Encoding: chunked
Connection: keep-alive
Access-Control-Allow-Origin: *
Access-Control-Allow-Methods: GET, POST, DELETE, PUT
Access-Control-Allow-Headers: Content-Type, api_key, Authorization
Server: Jetty(9.2.9.v20150224)

{
    "id": 307605969,
    "username": "connie.schuster",
    "firstName": "Dionne",
    "lastName": "Volkman",
    "email": "king.corkery@example.com",
    "password": "38a6ti800u",
    "phone": "(002) 635-2950",
    "userStatus": 0
}
]]></system-out>
  </testcase>
  <testcase name="testUserUpdate" classname="api.test.UserTest" time="4.183">
    <system-out><![CDATA[HTTP/1.1 200 OK
Date: Mon, 29 Jul 2024 07:56:31 GMT
Content-Type: application/json
Transfer-Encoding: chunked
Connection: keep-alive
Access-Control-Allow-Origin: *
Access-Control-Allow-Methods: GET, POST, DELETE, PUT
Access-Control-Allow-Headers: Content-Type, api_key, Authorization
Server: Jetty(9.2.9.v20150224)

{
    "code": 200,
    "type": "unknown",
    "message": "307605969"
}
HTTP/1.1 200 OK
Date: Mon, 29 Jul 2024 07:56:33 GMT
Content-Type: application/json
Transfer-Encoding: chunked
Connection: keep-alive
Access-Control-Allow-Origin: *
Access-Control-Allow-Methods: GET, POST, DELETE, PUT
Access-Control-Allow-Headers: Content-Type, api_key, Authorization
Server: Jetty(9.2.9.v20150224)

{
    "id": 307605969,
    "username": "connie.schuster",
    "firstName": "Talisha",
    "lastName": "Kemmer",
    "email": "tonie.west@example.com",
    "password": "38a6ti800u",
    "phone": "(002) 635-2950",
    "userStatus": 0
}
]]></system-out>
  </testcase>
  <testcase name="testDeleteUser" classname="api.test.UserTest" time="1.979">
    <system-out><![CDATA[HTTP/1.1 200 OK
Date: Mon, 29 Jul 2024 07:56:35 GMT
Content-Type: application/json
Transfer-Encoding: chunked
Connection: keep-alive
Access-Control-Allow-Origin: *
Access-Control-Allow-Methods: GET, POST, DELETE, PUT
Access-Control-Allow-Headers: Content-Type, api_key, Authorization
Server: Jetty(9.2.9.v20150224)

{
    "code": 200,
    "type": "unknown",
    "message": "connie.schuster"
}
]]></system-out>
  </testcase>
</testsuite>