<?xml version="1.0" encoding="UTF-8"?>
<testng-results total="4" passed="4" failed="0" skipped="0">
  <reporter-output>
  </reporter-output>
  <suite started-at="2024-07-29T07:56:24Z" name="Suite" finished-at="2024-07-29T07:56:35Z" duration-ms="11625">
    <groups>
    </groups>
    <test started-at="2024-07-29T07:56:24Z" name="Test" finished-at="2024-07-29T07:56:35Z" duration-ms="11625">
      <class name="api.test.UserTest">
        <test-method is-config="true" signature="setupData()[pri:0, instance:api.test.UserTest@503ecb24]" started-at="2024-07-29T13:26:24Z" name="setupData" finished-at="2024-07-29T13:26:24Z" duration-ms="134" status="PASS">
          <reporter-output>
          </reporter-output>
        </test-method> <!-- setupData -->
        <test-method signature="testPostUser()[pri:0, instance:api.test.UserTest@503ecb24]" started-at="2024-07-29T13:26:24Z" name="testPostUser" finished-at="2024-07-29T13:26:27Z" duration-ms="3149" status="PASS">
          <reporter-output>
          </reporter-output>
        </test-method> <!-- testPostUser -->
        <test-method signature="testGetuserByName()[pri:0, instance:api.test.UserTest@503ecb24]" started-at="2024-07-29T13:26:27Z" name="testGetuserByName" finished-at="2024-07-29T13:26:29Z" duration-ms="2006" status="PASS">
          <reporter-output>
          </reporter-output>
        </test-method> <!-- testGetuserByName -->
        <test-method signature="testUserUpdate()[pri:0, instance:api.test.UserTest@503ecb24]" started-at="2024-07-29T13:26:29Z" name="testUserUpdate" finished-at="2024-07-29T13:26:33Z" duration-ms="4190" status="PASS">
          <reporter-output>
          </reporter-output>
        </test-method> <!-- testUserUpdate -->
        <test-method signature="testDeleteUser()[pri:0, instance:api.test.UserTest@503ecb24]" started-at="2024-07-29T13:26:33Z" name="testDeleteUser" finished-at="2024-07-29T13:26:35Z" duration-ms="1978" status="PASS">
          <reporter-output>
          </reporter-output>
        </test-method> <!-- testDeleteUser -->
      </class> <!-- api.test.UserTest -->
    </test> <!-- Test -->
  </suite> <!-- Suite -->
</testng-results>
