<?xml version="1.0" encoding="UTF-8"?>
<testng-results ignored="0" total="4" passed="4" failed="0" skipped="0">
  <reporter-output>
  </reporter-output>
  <suite started-at="2024-07-29T13:25:53 IST" name="Suite" finished-at="2024-07-29T13:26:07 IST" duration-ms="13298">
    <groups>
    </groups>
    <test started-at="2024-07-29T13:25:53 IST" name="Test" finished-at="2024-07-29T13:26:07 IST" duration-ms="13298">
      <class name="api.test.UserTest">
        <test-method is-config="true" signature="setupData()[pri:0, instance:api.test.UserTest@41330d4f]" started-at="2024-07-29T13:25:53 IST" name="setupData" finished-at="2024-07-29T13:25:54 IST" duration-ms="183" status="PASS">
          <reporter-output>
          </reporter-output>
        </test-method> <!-- setupData -->
        <test-method signature="testPostUser()[pri:1, instance:api.test.UserTest@41330d4f]" started-at="2024-07-29T13:25:54 IST" name="testPostUser" finished-at="2024-07-29T13:25:57 IST" duration-ms="3468" status="PASS">
          <reporter-output>
          </reporter-output>
        </test-method> <!-- testPostUser -->
        <test-method signature="testGetuserByName()[pri:2, instance:api.test.UserTest@41330d4f]" started-at="2024-07-29T13:25:57 IST" name="testGetuserByName" finished-at="2024-07-29T13:25:59 IST" duration-ms="1822" status="PASS">
          <reporter-output>
          </reporter-output>
        </test-method> <!-- testGetuserByName -->
        <test-method signature="testUserUpdate()[pri:3, instance:api.test.UserTest@41330d4f]" started-at="2024-07-29T13:25:59 IST" name="testUserUpdate" finished-at="2024-07-29T13:26:04 IST" duration-ms="5495" status="PASS">
          <reporter-output>
          </reporter-output>
        </test-method> <!-- testUserUpdate -->
        <test-method signature="testDeleteUser()[pri:4, instance:api.test.UserTest@41330d4f]" started-at="2024-07-29T13:26:04 IST" name="testDeleteUser" finished-at="2024-07-29T13:26:07 IST" duration-ms="2078" status="PASS">
          <reporter-output>
          </reporter-output>
        </test-method> <!-- testDeleteUser -->
      </class> <!-- api.test.UserTest -->
    </test> <!-- Test -->
  </suite> <!-- Suite -->
</testng-results>
